<?xml version="1.0" encoding="UTF-8" ?>
<testsuite tests="2" failures="0" name="br.com.tiagopedroso.aprendendo.testes.junit4.CalculadoraNovaTest" time="0.009" errors="0" skipped="0">
  <properties>
    <property name="java.runtime.name" value="OpenJDK Runtime Environment"/>
    <property name="java.vm.version" value="11.0.10+9-LTS"/>
    <property name="sun.boot.library.path" value="C:\Users\tpenhape\Desktop\github-projects\portableNetbeansForBeginners\jdks\jdk11\bin"/>
    <property name="maven.multiModuleProjectDirectory" value="C:\Users\tpenhape\Documents\NetBeansProjects\aprendendo-testes-junit4"/>
    <property name="java.vm.vendor" value="Red Hat, Inc."/>
    <property name="java.vendor.url" value="https://access.redhat.com/"/>
    <property name="guice.disable.misplaced.annotation.check" value="true"/>
    <property name="path.separator" value=";"/>
    <property name="java.vm.name" value="OpenJDK 64-Bit Server VM"/>
    <property name="sun.os.patch.level" value=""/>
    <property name="user.script" value=""/>
    <property name="user.country" value="BR"/>
    <property name="sun.java.launcher" value="SUN_STANDARD"/>
    <property name="test" value="br.com.tiagopedroso.aprendendo.testes.junit4.CalculadoraNovaTest"/>
    <property name="java.vm.specification.name" value="Java Virtual Machine Specification"/>
    <property name="user.dir" value="C:\Users\tpenhape\Documents\NetBeansProjects\aprendendo-testes-junit4"/>
    <property name="java.vm.compressedOopsMode" value="Zero based"/>
    <property name="java.runtime.version" value="11.0.10+9-LTS"/>
    <property name="java.awt.graphicsenv" value="sun.awt.Win32GraphicsEnvironment"/>
    <property name="os.arch" value="amd64"/>
    <property name="java.io.tmpdir" value="C:\Users\tpenhape\AppData\Local\Temp\"/>
    <property name="line.separator" value="
"/>
    <property name="java.vm.specification.vendor" value="Oracle Corporation"/>
    <property name="user.variant" value=""/>
    <property name="os.name" value="Windows 10"/>
    <property name="maven.ext.class.path" value="C:\Users\tpenhape\Desktop\github-projects\portableNetbeansForBeginners\netbeans\java\maven-nblib\netbeans-eventspy.jar"/>
    <property name="classworlds.conf" value="C:\Users\tpenhape\Desktop\github-projects\portableNetbeansForBeginners\netbeans\java\maven\bin\..\bin\m2.conf"/>
    <property name="sun.jnu.encoding" value="Cp1252"/>
    <property name="java.library.path" value="C:\Users\tpenhape\Desktop\github-projects\portableNetbeansForBeginners\jdks\jdk11\bin;C:\WINDOWS\Sun\Java\bin;C:\WINDOWS\system32;C:\WINDOWS;C:\Oracle\product\11.2.0\client_1\bin;C:\Program Files (x86)\Common Files\Oracle\Java\javapath;C:\WINDOWS\system32;C:\WINDOWS;C:\WINDOWS\System32\Wbem;C:\WINDOWS\System32\WindowsPowerShell\v1.0\;C:\WINDOWS\System32\OpenSSH\;C:\Program Files\Java\jdk1.8.0_251\bin\;C:\Program Files\Java\jre1.8.0_251\bin\;C:\Program Files (x86)\sbt\bin;C:\Program Files\dotnet\;C:\Program Files\nodejs\;C:\Program Files\Docker\Docker\resources\bin;C:\ProgramData\DockerDesktop\version-bin;C:\Users\tpenhape\AppData\Local\Microsoft\WindowsApps;C:\Users\tpenhape\AppData\Local\Programs\Microsoft VS Code\bin;C:\Users\tpenhape\AppData\Roaming\npm;C:\PortableApps\apache-maven-3.6.3\bin\;C:\Users\tpenhape\AppData\Local\Programs\Git\cmd;."/>
    <property name="maven.conf" value="C:\Users\tpenhape\Desktop\github-projects\portableNetbeansForBeginners\netbeans\java\maven\bin\../conf"/>
    <property name="jdk.debug" value="release"/>
    <property name="java.class.version" value="55.0"/>
    <property name="java.specification.name" value="Java Platform API Specification"/>
    <property name="sun.management.compiler" value="HotSpot 64-Bit Tiered Compilers"/>
    <property name="os.version" value="10.0"/>
    <property name="library.jansi.path" value="C:\Users\tpenhape\Desktop\github-projects\portableNetbeansForBeginners\netbeans\java\maven\bin\..\lib\jansi-native"/>
    <property name="user.home" value="C:\Users\tpenhape"/>
    <property name="user.timezone" value="America/Sao_Paulo"/>
    <property name="java.awt.printerjob" value="sun.awt.windows.WPrinterJob"/>
    <property name="file.encoding" value="UTF-8"/>
    <property name="java.specification.version" value="11"/>
    <property name="user.name" value="tpenhape"/>
    <property name="java.class.path" value="C:\Users\tpenhape\Desktop\github-projects\portableNetbeansForBeginners\netbeans\java\maven\bin\..\boot\plexus-classworlds-2.6.0.jar"/>
    <property name="java.vm.specification.version" value="11"/>
    <property name="sun.arch.data.model" value="64"/>
    <property name="sun.java.command" value="org.codehaus.plexus.classworlds.launcher.Launcher -Dtest=br.com.tiagopedroso.aprendendo.testes.junit4.CalculadoraNovaTest -Dmaven.ext.class.path=C:\Users\tpenhape\Desktop\github-projects\portableNetbeansForBeginners\netbeans\java\maven-nblib\netbeans-eventspy.jar -Dfile.encoding=UTF-8 surefire:test"/>
    <property name="java.home" value="C:\Users\tpenhape\Desktop\github-projects\portableNetbeansForBeginners\jdks\jdk11"/>
    <property name="user.language" value="pt"/>
    <property name="java.specification.vendor" value="Oracle Corporation"/>
    <property name="awt.toolkit" value="sun.awt.windows.WToolkit"/>
    <property name="java.vm.info" value="mixed mode"/>
    <property name="java.version" value="11.0.10"/>
    <property name="java.vendor" value="Red Hat, Inc."/>
    <property name="maven.home" value="C:\Users\tpenhape\Desktop\github-projects\portableNetbeansForBeginners\netbeans\java\maven\bin\.."/>
    <property name="file.separator" value="\"/>
    <property name="java.version.date" value="2021-01-19"/>
    <property name="java.vendor.url.bug" value="https://bugzilla.redhat.com/enter_bug.cgi"/>
    <property name="sun.io.unicode.encoding" value="UnicodeLittle"/>
    <property name="sun.cpu.endian" value="little"/>
    <property name="java.vendor.version" value="18.9"/>
    <property name="sun.desktop" value="windows"/>
    <property name="sun.cpu.isalist" value="amd64"/>
  </properties>
  <testcase classname="br.com.tiagopedroso.aprendendo.testes.junit4.CalculadoraNovaTest" name="deveSomarDoisValores" time="0.009"/>
  <testcase classname="br.com.tiagopedroso.aprendendo.testes.junit4.CalculadoraNovaTest" name="deveSomarTresValores" time="0"/>
</testsuite>